<?xml version="1.0" encoding="UTF-8"?>
<testng-results skipped="0" failed="0" ignored="0" total="2" passed="2">
  <reporter-output>
  </reporter-output>
  <suite name="Default suite" duration-ms="25978" started-at="2018-10-24T02:48:16Z" finished-at="2018-10-24T02:48:42Z">
    <groups>
    </groups>
    <test name="Default test" duration-ms="25978" started-at="2018-10-24T02:48:16Z" finished-at="2018-10-24T02:48:42Z">
      <class name="Test.Test">
        <test-method status="PASS" signature="setup()[pri:0, instance:Test.Test@77cd7a0]" name="setup" is-config="true" duration-ms="10886" started-at="2018-10-24T02:48:16Z" finished-at="2018-10-24T02:48:27Z">
          <reporter-output>
          </reporter-output>
        </test-method> <!-- setup -->
        <test-method status="PASS" signature="test_Home_Page_Appear_Correct()[pri:0, instance:Test.Test@77cd7a0]" name="test_Home_Page_Appear_Correct" duration-ms="3195" started-at="2018-10-24T02:48:27Z" finished-at="2018-10-24T02:48:30Z">
          <reporter-output>
          </reporter-output>
        </test-method> <!-- test_Home_Page_Appear_Correct -->
        <test-method status="PASS" signature="NewCustomerGeneration()[pri:1, instance:Test.Test@77cd7a0]" name="NewCustomerGeneration" duration-ms="11848" started-at="2018-10-24T02:48:30Z" finished-at="2018-10-24T02:48:42Z">
          <reporter-output>
          </reporter-output>
        </test-method> <!-- NewCustomerGeneration -->
      </class> <!-- Test.Test -->
    </test> <!-- Default test -->
  </suite> <!-- Default suite -->
</testng-results>
